#
# A fatal error has been detected by the Java Runtime Environment:
#
#  EXCEPTION_UNCAUGHT_CXX_EXCEPTION (0xe06d7363) at pc=0x00007ffd6f555bf8, pid=4660, tid=6400
#
# JRE version: Java(TM) SE Runtime Environment (7.0_45-b18) (build 1.7.0_45-b18)
# Java VM: Java HotSpot(TM) 64-Bit Server VM (24.45-b08 mixed mode windows-amd64 compressed oops)
# Problematic frame:
# C  [KERNELBASE.dll+0x5bf8]
#
# Failed to write core dump. Minidumps are not enabled by default on client versions of Windows
#
# If you would like to submit a bug report, please visit:
#   http://bugreport.sun.com/bugreport/crash.jsp
# The crash happened outside the Java Virtual Machine in native code.
# See problematic frame for where to report the bug.
#

---------------  T H R E A D  ---------------

Current thread (0x00000000026e0800):  JavaThread "main" [_thread_in_native, id=6400, stack(0x00000000025b0000,0x00000000026b0000)]

siginfo: ExceptionCode=0xe06d7363, ExceptionInformation=0x0000000019930520 0x000000000269ed20 0x00007ffd4820a910 0x00007ffd47fd0000 

Registers:
RAX=0x0000000000000000, RBX=0x00007ffd4820a910, RCX=0x0000000000000000, RDX=0x00000000ffffa765
RSP=0x000000000269eb90, RBP=0x000000000269ecd0, RSI=0x00000000026af238, RDI=0x000000000269ed20
R8 =0x0000000000000000, R9 =0x00000000000000ff, R10=0x0000000000000000, R11=0x0000000000000000
R12=0x0000000000000000, R13=0x00000006fde4c7e0, R14=0x0000000000000001, R15=0x0000000012c0bf10
RIP=0x00007ffd6f555bf8, EFLAGS=0x0000000000000202

Top of Stack: (sp=0x000000000269eb90)
0x000000000269eb90:   0000000000000110 00007ffd4820a910
0x000000000269eba0:   00000000026af238 000000000269ed20
0x000000000269ebb0:   00000001e06d7363 0000000000000000
0x000000000269ebc0:   00007ffd6f555bf8 0000000000000004
0x000000000269ebd0:   0000000019930520 000000000269ed20
0x000000000269ebe0:   00007ffd4820a910 00007ffd47fd0000
0x000000000269ebf0:   0000000000000002 00007ffd5771a158
0x000000000269ec00:   000000000269eda0 00007ffd47fd6c45
0x000000000269ec10:   0000000000000000 0000000000000002
0x000000000269ec20:   0000000012c0bf10 0000000000000001
0x000000000269ec30:   0000000012ccfd20 fffffffffffffffe
0x000000000269ec40:   0000000012c0bf10 0000000000000001
0x000000000269ec50:   000007703cb514d5 00000000026af238
0x000000000269ec60:   00007ffd4820a910 00007ffd5770ef63
0x000000000269ec70:   000000000269eda0 000000000269ece0
0x000000000269ec80:   0000000000000001 0000000000000000 

Instructions: (pc=0x00007ffd6f555bf8)
0x00007ffd6f555bd8:   44 3b c0 44 0f 47 c0 44 89 44 24 38 49 c1 e0 03
0x00007ffd6f555be8:   e8 27 ba ff ff 48 8d 4c 24 20 ff 15 70 ea 0f 00
0x00007ffd6f555bf8:   48 8b 8c 24 c0 00 00 00 48 33 cc e8 f8 b7 ff ff
0x00007ffd6f555c08:   48 81 c4 d8 00 00 00 c3 90 90 90 90 90 90 90 90 


Register to memory mapping:

RAX=0x0000000000000000 is an unknown value
RBX=0x00007ffd4820a910 is an unknown value
RCX=0x0000000000000000 is an unknown value
RDX=0x00000000ffffa765 is an unknown value
RSP=0x000000000269eb90 is pointing into the stack for thread: 0x00000000026e0800
RBP=0x000000000269ecd0 is pointing into the stack for thread: 0x00000000026e0800
RSI=0x00000000026af238 is pointing into the stack for thread: 0x00000000026e0800
RDI=0x000000000269ed20 is pointing into the stack for thread: 0x00000000026e0800
R8 =0x0000000000000000 is an unknown value
R9 =0x00000000000000ff is an unknown value
R10=0x0000000000000000 is an unknown value
R11=0x0000000000000000 is an unknown value
R12=0x0000000000000000 is an unknown value
R13=0x00000006fde4c7e0 is an oop
{method} 
 - klass: {other class}
R14=0x0000000000000001 is an unknown value
R15=0x0000000012c0bf10 is an unknown value


Stack: [0x00000000025b0000,0x00000000026b0000],  sp=0x000000000269eb90,  free space=954k
Native frames: (J=compiled Java code, j=interpreted, Vv=VM code, C=native code)
C  [KERNELBASE.dll+0x5bf8]

Java frames: (J=compiled Java code, j=interpreted, Vv=VM code)
j  edu.kit.anthropomatik.isl.DialogModeling.OpenCV.OpenCVAdapter.storeCurrentFace(I)V+0
j  edu.kit.anthropomatik.isl.DialogModeling.OpenCV.OpenCVAdapter.main([Ljava/lang/String;)V+55
v  ~StubRoutines::call_stub

---------------  P R O C E S S  ---------------

Java Threads: ( => current thread )
  0x00000000027dd800 JavaThread "Service Thread" daemon [_thread_blocked, id=5888, stack(0x00000000121a0000,0x00000000122a0000)]
  0x00000000027cf000 JavaThread "C2 CompilerThread1" daemon [_thread_blocked, id=7044, stack(0x00000000120a0000,0x00000000121a0000)]
  0x00000000119c0800 JavaThread "C2 CompilerThread0" daemon [_thread_blocked, id=4504, stack(0x0000000011fa0000,0x00000000120a0000)]
  0x00000000027ce000 JavaThread "Attach Listener" daemon [_thread_blocked, id=428, stack(0x0000000011ea0000,0x0000000011fa0000)]
  0x00000000027c9000 JavaThread "Signal Dispatcher" daemon [_thread_blocked, id=6800, stack(0x0000000011da0000,0x0000000011ea0000)]
  0x000000000f9cd800 JavaThread "Finalizer" daemon [_thread_blocked, id=5368, stack(0x00000000118a0000,0x00000000119a0000)]
  0x000000000f9c7000 JavaThread "Reference Handler" daemon [_thread_blocked, id=1676, stack(0x00000000117a0000,0x00000000118a0000)]
=>0x00000000026e0800 JavaThread "main" [_thread_in_native, id=6400, stack(0x00000000025b0000,0x00000000026b0000)]

Other Threads:
  0x000000000f9c5800 VMThread [stack: 0x00000000116a0000,0x00000000117a0000] [id=2876]
  0x00000000027de800 WatcherThread [stack: 0x00000000122a0000,0x00000000123a0000] [id=6196]

VM state:not at safepoint (normal execution)

VM Mutex/Monitor currently owned by a thread: None

Heap
 PSYoungGen      total 75776K, used 1300K [0x00000007aba00000, 0x00000007b0e80000, 0x0000000800000000)
  eden space 65024K, 2% used [0x00000007aba00000,0x00000007abb45258,0x00000007af980000)
  from space 10752K, 0% used [0x00000007b0400000,0x00000007b0400000,0x00000007b0e80000)
  to   space 10752K, 0% used [0x00000007af980000,0x00000007af980000,0x00000007b0400000)
 ParOldGen       total 172544K, used 0K [0x0000000702e00000, 0x000000070d680000, 0x00000007aba00000)
  object space 172544K, 0% used [0x0000000702e00000,0x0000000702e00000,0x000000070d680000)
 PSPermGen       total 21504K, used 2363K [0x00000006fdc00000, 0x00000006ff100000, 0x0000000702e00000)
  object space 21504K, 10% used [0x00000006fdc00000,0x00000006fde4ecd8,0x00000006ff100000)

Card table byte_map: [0x00000000058a0000,0x00000000060c0000] byte_map_base: 0x00000000020b2000

Polling page: 0x0000000000e20000

Code Cache  [0x00000000027e0000, 0x0000000002a50000, 0x00000000057e0000)
 total_blobs=166 nmethods=0 adapters=134 free_code_cache=48773Kb largest_free_block=49943936

Compilation events (0 events):
No events

GC Heap History (0 events):
No events

Deoptimization events (0 events):
No events

Internal exceptions (2 events):
Event: 0.022 Thread 0x00000000026e0800 Threw 0x00000007aba0bae8 at C:\re\jdk7u45\229\hotspot\src\share\vm\prims\jni.cpp:3991
Event: 0.046 Thread 0x00000000026e0800 Threw 0x00000007aba4e328 at C:\re\jdk7u45\229\hotspot\src\share\vm\prims\jvm.cpp:1244

Events (10 events):
Event: 0.055 loading class 0x0000000002730880
Event: 0.055 loading class 0x0000000002730880 done
Event: 0.055 loading class 0x0000000002730b10
Event: 0.055 loading class 0x0000000002730b10 done
Event: 0.055 loading class 0x000000000273c3d0
Event: 0.055 loading class 0x000000000273c3d0 done
Event: 0.055 loading class 0x000000000273c370
Event: 0.055 loading class 0x000000000273c370 done
Event: 4.063 Executing VM operation: EnableBiasedLocking
Event: 4.063 Executing VM operation: EnableBiasedLocking done


Dynamic libraries:
0x00007ff7aee80000 - 0x00007ff7aeeb3000 	C:\Program Files\Java\jre7\bin\javaw.exe
0x00007ffd720c0000 - 0x00007ffd7226a000 	C:\WINDOWS\SYSTEM32\ntdll.dll
0x00007ffd71130000 - 0x00007ffd7126a000 	C:\WINDOWS\system32\KERNEL32.DLL
0x00007ffd6f550000 - 0x00007ffd6f65f000 	C:\WINDOWS\system32\KERNELBASE.dll
0x00007ffd6e040000 - 0x00007ffd6e0c8000 	C:\WINDOWS\system32\apphelp.dll
0x00007ffd58c20000 - 0x00007ffd58c6f000 	C:\WINDOWS\AppPatch\AppPatch64\AcGenral.DLL
0x00007ffd6fa80000 - 0x00007ffd6fb27000 	C:\WINDOWS\system32\msvcrt.dll
0x00007ffd6f2e0000 - 0x00007ffd6f30b000 	C:\WINDOWS\SYSTEM32\SspiCli.dll
0x00007ffd71690000 - 0x00007ffd716e1000 	C:\WINDOWS\system32\SHLWAPI.dll
0x00007ffd71510000 - 0x00007ffd71681000 	C:\WINDOWS\system32\USER32.dll
0x00007ffd71330000 - 0x00007ffd714a8000 	C:\WINDOWS\system32\ole32.dll
0x00007ffd6fb40000 - 0x00007ffd70f60000 	C:\WINDOWS\system32\SHELL32.dll
0x00007ffd6eac0000 - 0x00007ffd6eade000 	C:\WINDOWS\SYSTEM32\USERENV.dll
0x00007ffd70f60000 - 0x00007ffd71005000 	C:\WINDOWS\system32\ADVAPI32.dll
0x00007ffd66ba0000 - 0x00007ffd66bbb000 	C:\WINDOWS\SYSTEM32\MPR.dll
0x00007ffd71f60000 - 0x00007ffd72096000 	C:\WINDOWS\system32\RPCRT4.dll
0x00007ffd71010000 - 0x00007ffd71067000 	C:\WINDOWS\SYSTEM32\sechost.dll
0x00007ffd71a20000 - 0x00007ffd71bf6000 	C:\WINDOWS\SYSTEM32\combase.dll
0x00007ffd71c00000 - 0x00007ffd71d44000 	C:\WINDOWS\system32\GDI32.dll
0x00007ffd6f430000 - 0x00007ffd6f444000 	C:\WINDOWS\SYSTEM32\profapi.dll
0x00007ffd6dce0000 - 0x00007ffd6dd7f000 	C:\WINDOWS\SYSTEM32\SHCORE.dll
0x00007ffd71d70000 - 0x00007ffd71da4000 	C:\WINDOWS\system32\IMM32.DLL
0x00007ffd6f940000 - 0x00007ffd6fa79000 	C:\WINDOWS\system32\MSCTF.dll
0x00007ffd6d8b0000 - 0x00007ffd6db0a000 	C:\WINDOWS\WinSxS\amd64_microsoft.windows.common-controls_6595b64144ccf1df_6.0.9600.17031_none_6242a4b3ecbb55a1\COMCTL32.dll
0x0000000050400000 - 0x00000000504d2000 	C:\Program Files\Java\jre7\bin\msvcr100.dll
0x0000000077830000 - 0x0000000077ff9000 	C:\Program Files\Java\jre7\bin\server\jvm.dll
0x00007ffd69cd0000 - 0x00007ffd69cd9000 	C:\WINDOWS\SYSTEM32\WSOCK32.dll
0x00007ffd6afc0000 - 0x00007ffd6afdf000 	C:\WINDOWS\SYSTEM32\WINMM.dll
0x00007ffd6fb30000 - 0x00007ffd6fb37000 	C:\WINDOWS\system32\PSAPI.DLL
0x00007ffd71070000 - 0x00007ffd710c8000 	C:\WINDOWS\system32\WS2_32.dll
0x00007ffd6ade0000 - 0x00007ffd6ae0a000 	C:\WINDOWS\SYSTEM32\WINMMBASE.dll
0x00007ffd71f50000 - 0x00007ffd71f59000 	C:\WINDOWS\system32\NSI.dll
0x00007ffd6f500000 - 0x00007ffd6f54a000 	C:\WINDOWS\SYSTEM32\cfgmgr32.dll
0x00007ffd6e2c0000 - 0x00007ffd6e2e6000 	C:\WINDOWS\SYSTEM32\DEVOBJ.dll
0x0000000052130000 - 0x000000005213f000 	C:\Program Files\Java\jre7\bin\verify.dll
0x00000000518c0000 - 0x00000000518e8000 	C:\Program Files\Java\jre7\bin\java.dll
0x00000000518a0000 - 0x00000000518b5000 	C:\Program Files\Java\jre7\bin\zip.dll
0x00007ffd6b480000 - 0x00007ffd6b492000 	C:\Users\Lucas\Documents\Entwicklung\Eclipse\git\DialogModeling\DialogModeling\OpenCVAdapter.dll
0x00007ffd690d0000 - 0x00007ffd69198000 	C:\Users\Lucas\Documents\Entwicklung\Eclipse\git\DialogModeling\DialogModeling\opencv_objdetect249.dll
0x00007ffd4cf90000 - 0x00007ffd4d242000 	C:\Users\Lucas\Documents\Entwicklung\Eclipse\git\DialogModeling\DialogModeling\opencv_imgproc249.dll
0x00007ffd48250000 - 0x00007ffd484a8000 	C:\Users\Lucas\Documents\Entwicklung\Eclipse\git\DialogModeling\DialogModeling\opencv_highgui249.dll
0x00007ffd47fd0000 - 0x00007ffd48242000 	C:\Users\Lucas\Documents\Entwicklung\Eclipse\git\DialogModeling\DialogModeling\opencv_core249.dll
0x00007ffd5fe30000 - 0x00007ffd5ff7a000 	C:\Users\Lucas\Documents\Entwicklung\Eclipse\git\DialogModeling\DialogModeling\opencv_contrib249.dll
0x00007ffd576b0000 - 0x00007ffd5779f000 	C:\WINDOWS\SYSTEM32\MSVCR120.dll
0x00007ffd57600000 - 0x00007ffd576a6000 	C:\WINDOWS\SYSTEM32\MSVCP120.dll
0x00007ffd71270000 - 0x00007ffd71327000 	C:\WINDOWS\system32\OLEAUT32.dll
0x00007ffd6b450000 - 0x00007ffd6b479000 	C:\WINDOWS\SYSTEM32\MSVFW32.dll
0x00007ffd6b430000 - 0x00007ffd6b44f000 	C:\WINDOWS\SYSTEM32\AVIFIL32.dll
0x00007ffd6b410000 - 0x00007ffd6b427000 	C:\WINDOWS\SYSTEM32\AVICAP32.dll
0x00007ffd567d0000 - 0x00007ffd56874000 	C:\Users\Lucas\Documents\Entwicklung\Eclipse\git\DialogModeling\DialogModeling\opencv_flann249.dll
0x00007ffd560f0000 - 0x00007ffd561c6000 	C:\Users\Lucas\Documents\Entwicklung\Eclipse\git\DialogModeling\DialogModeling\opencv_features2d249.dll
0x00007ffd557f0000 - 0x00007ffd558d6000 	C:\Users\Lucas\Documents\Entwicklung\Eclipse\git\DialogModeling\DialogModeling\opencv_calib3d249.dll
0x00007ffd585c0000 - 0x00007ffd58655000 	C:\Users\Lucas\Documents\Entwicklung\Eclipse\git\DialogModeling\DialogModeling\opencv_ml249.dll
0x00007ffd56390000 - 0x00007ffd563fd000 	C:\Users\Lucas\Documents\Entwicklung\Eclipse\git\DialogModeling\DialogModeling\opencv_video249.dll
0x00007ffd5fe10000 - 0x00007ffd5fe2b000 	C:\WINDOWS\SYSTEM32\MSACM32.dll
0x00007ffd6afe0000 - 0x00007ffd6afea000 	C:\WINDOWS\SYSTEM32\VERSION.dll
0x00007ffd6e2b0000 - 0x00007ffd6e2ba000 	C:\WINDOWS\SYSTEM32\kernel.appcore.dll
0x00007ffd6f370000 - 0x00007ffd6f37a000 	C:\WINDOWS\SYSTEM32\CRYPTBASE.dll
0x00007ffd6f310000 - 0x00007ffd6f370000 	C:\WINDOWS\SYSTEM32\bcryptPrimitives.dll
0x00007ffd6e120000 - 0x00007ffd6e241000 	C:\WINDOWS\system32\uxtheme.dll
0x00007ffd71970000 - 0x00007ffd71a14000 	C:\WINDOWS\SYSTEM32\clbcatq.dll
0x00007ffd5b8d0000 - 0x00007ffd5b8e6000 	C:\Windows\System32\devenum.dll
0x00007ffd716f0000 - 0x00007ffd718c4000 	C:\WINDOWS\system32\setupapi.dll
0x00007ffd6a9d0000 - 0x00007ffd6aa00000 	C:\WINDOWS\SYSTEM32\ntmarta.dll
0x00007ffd6f710000 - 0x00007ffd6f75c000 	C:\WINDOWS\system32\WINTRUST.dll
0x00007ffd6f760000 - 0x00007ffd6f937000 	C:\WINDOWS\system32\CRYPT32.dll
0x00007ffd6f4e0000 - 0x00007ffd6f4f2000 	C:\WINDOWS\system32\MSASN1.dll
0x00007ffd6b930000 - 0x00007ffd6b93d000 	C:\WINDOWS\SYSTEM32\msdmo.dll
0x00007ffd575d0000 - 0x00007ffd575fd000 	C:\Windows\System32\qcap.dll
0x00007ffd4ad70000 - 0x00007ffd4af21000 	C:\Windows\System32\quartz.dll
0x00007ffd4d460000 - 0x00007ffd4d68f000 	C:\Program Files\Acer\Acer Power Management\SysHook.dll
0x00007ffd6afb0000 - 0x00007ffd6afb7000 	C:\WINDOWS\SYSTEM32\MSIMG32.dll
0x00007ffd718d0000 - 0x00007ffd7196a000 	C:\WINDOWS\system32\COMDLG32.dll
0x00007ffd6ab30000 - 0x00007ffd6abab000 	C:\WINDOWS\SYSTEM32\WINSPOOL.DRV
0x00007ffd6abd0000 - 0x00007ffd6ad68000 	C:\WINDOWS\WinSxS\amd64_microsoft.windows.gdiplus_6595b64144ccf1df_1.1.9600.17056_none_932f2645474c8242\gdiplus.dll
0x00007ffd6cbe0000 - 0x00007ffd6cc43000 	C:\WINDOWS\SYSTEM32\OLEACC.dll
0x00007ffd6db10000 - 0x00007ffd6db30000 	C:\WINDOWS\system32\dwmapi.dll
0x00007ffd560a0000 - 0x00007ffd560e3000 	C:\Windows\System32\ksproxy.ax
0x00007ffd69380000 - 0x00007ffd69388000 	C:\Windows\System32\ksuser.dll
0x00007ffd55af0000 - 0x00007ffd55cf8000 	C:\Windows\System32\d3d9.dll
0x00007ffd69740000 - 0x00007ffd6974c000 	C:\Windows\System32\vidcap.ax
0x00007ffd57400000 - 0x00007ffd57423000 	C:\Windows\System32\kswdmcap.ax
0x00007ffd4a0a0000 - 0x00007ffd4a1ed000 	C:\Windows\System32\MFC42.dll
0x00007ffd54950000 - 0x00007ffd54a0c000 	C:\Windows\System32\ODBC32.dll
0x00007ffd53930000 - 0x00007ffd539c3000 	C:\Windows\System32\qedit.dll
0x00007ffd66bf0000 - 0x00007ffd66ce4000 	C:\Windows\System32\DDRAW.dll
0x00007ffd6b5a0000 - 0x00007ffd6b5a9000 	C:\Windows\System32\DCIMAN32.dll
0x00007ffd6cfa0000 - 0x00007ffd6d102000 	C:\WINDOWS\SYSTEM32\nvumdshimx.dll
0x00007ffd6d3b0000 - 0x00007ffd6d3df000 	C:\WINDOWS\SYSTEM32\nvinitx.dll
0x00007ffd47430000 - 0x00007ffd47fd0000 	C:\WINDOWS\system32\igdumdim64.dll
0x00007ffd6b9a0000 - 0x00007ffd6bde0000 	C:\WINDOWS\SYSTEM32\igdusc64.dll
0x00007ffd66500000 - 0x00007ffd6650b000 	C:\WINDOWS\SYSTEM32\msyuv.dll
0x00007ffd5d480000 - 0x00007ffd5d608000 	C:\WINDOWS\SYSTEM32\dbghelp.dll

VM Arguments:
jvm_args: -Dfile.encoding=Cp1252 
java_command: edu.kit.anthropomatik.isl.DialogModeling.OpenCV.OpenCVAdapter
Launcher Type: SUN_STANDARD

Environment Variables:
JAVA_HOME=C:\Program Files\Java\jdk1.7.0_45
PATH=C:\Program Files\Python34\;C:\Program Files\Python34\Scripts;C:\Program Files (x86)\NVIDIA Corporation\PhysX\Common;C:\Program Files (x86)\Intel\iCLS Client\;C:\Program Files\Intel\iCLS Client\;C:\WINDOWS\system32;C:\WINDOWS;C:\WINDOWS\System32\Wbem;C:\WINDOWS\System32\WindowsPowerShell\v1.0\;C:\Program Files (x86)\EgisTec MyWinLocker\x64;C:\Program Files (x86)\EgisTec MyWinLocker\;C:\Program Files (x86)\Intel\OpenCL SDK\2.0\bin\x86;C:\Program Files (x86)\Intel\OpenCL SDK\2.0\bin\x64;C:\Program Files\Intel\Intel(R) Management Engine Components\DAL;C:\Program Files\Intel\Intel(R) Management Engine Components\IPT;C:\Program Files (x86)\Intel\Intel(R) Management Engine Components\DAL;C:\Program Files (x86)\Intel\Intel(R) Management Engine Components\IPT;C:\Program Files\MiKTeX 2.9\miktex\bin\x64\;C:\Program Files (x86)\Windows Kits\8.1\Windows Performance Toolkit\;C:\Program Files\Microsoft SQL Server\110\Tools\Binn\;c:\Program Files (x86)\Microsoft SQL Server\110\Tools\Binn\;c:\Program Files\Microsoft SQL Server\110\DTS\Binn\;C:\Program Files\Calibre2\;C:\Program Files\TortoiseSVN\bin;C:\Program Files (x86)\Git\cmd;C:\MinGW\bin;C:\MinGW\msys\1.0\bin;C:\Program Files\Java\jdk1.8.0_05\bin;C:\Users\Lucas\AppData\Roaming\MiKTeX\2.9\miktex\bin\x64\;;.;
USERNAME=Lucas
OS=Windows_NT
PROCESSOR_IDENTIFIER=Intel64 Family 6 Model 58 Stepping 9, GenuineIntel



---------------  S Y S T E M  ---------------

OS: Windows 8 , 64 bit Build 9200 

CPU:total 8 (4 cores per cpu, 2 threads per core) family 6 model 58 stepping 9, cmov, cx8, fxsr, mmx, sse, sse2, sse3, ssse3, sse4.1, sse4.2, popcnt, avx, aes, erms, ht, tsc, tscinvbit, tscinv

Memory: 4k page, physical 16588056k(13986568k free), swap 19078424k(15393812k free)

vm_info: Java HotSpot(TM) 64-Bit Server VM (24.45-b08) for windows-amd64 JRE (1.7.0_45-b18), built on Oct  8 2013 05:47:22 by "java_re" with unknown MS VC++:1600

time: Wed Jul 02 14:58:26 2014
elapsed time: 9 seconds

