The system is: Windows - 6.2 - AMD64
Compiling the C compiler identification source file "CMakeCCompilerId.c" succeeded.
Compiler:  
Build flags: ;/DWIN32;/D_WINDOWS;/W3
Id flags: 

The output was:
0
Microsoft (R)-Buildmodul, Version 12.0.21005.1
[Microsoft .NET Framework, Version 4.0.30319.34014]
Copyright (C) Microsoft Corporation. Alle Rechte vorbehalten.

Der Buildvorgang wurde am 05.06.2014 21:25:44 gestartet.
Projekt "C:\Users\Lucas\Documents\Entwicklung\Eclipse\git\DialogModeling\DialogModeling\OpenCVAdapter\build\CMakeFiles\2.8.12.2\CompilerIdC\CompilerIdC.vcxproj" auf Knoten "1" (Standardziele).
PrepareForBuild:
  Das Verzeichnis "Debug\" wird erstellt.
  Das Verzeichnis "Debug\CompilerIdC.tlog\" wird erstellt.
InitializeBuildStatus:
  "Debug\CompilerIdC.tlog\unsuccessfulbuild" wird erstellt, da "AlwaysCreate" angegeben wurde.
ClCompile:
  C:\Program Files (x86)\Microsoft Visual Studio 12.0\VC\bin\x86_amd64\CL.exe /c /nologo /W0 /WX- /Od /D _MBCS /Gm- /EHsc /RTC1 /MDd /GS /fp:precise /Zc:wchar_t /Zc:forScope /Fo"Debug\\" /Fd"Debug\vc120.pdb" /Gd /TC /errorReport:queue CMakeCCompilerId.c
  CMakeCCompilerId.c
Link:
  C:\Program Files (x86)\Microsoft Visual Studio 12.0\VC\bin\x86_amd64\link.exe /ERRORREPORT:QUEUE /OUT:".\CompilerIdC.exe" /INCREMENTAL:NO /NOLOGO kernel32.lib user32.lib gdi32.lib winspool.lib comdlg32.lib advapi32.lib shell32.lib ole32.lib oleaut32.lib uuid.lib odbc32.lib odbccp32.lib /MANIFEST /MANIFESTUAC:"level='asInvoker' uiAccess='false'" /manifest:embed /PDB:".\CompilerIdC.pdb" /SUBSYSTEM:CONSOLE /TLBID:1 /DYNAMICBASE /NXCOMPAT /IMPLIB:".\CompilerIdC.lib" /MACHINE:X64 Debug\CMakeCCompilerId.obj
  CompilerIdC.vcxproj -> C:\Users\Lucas\Documents\Entwicklung\Eclipse\git\DialogModeling\DialogModeling\OpenCVAdapter\build\CMakeFiles\2.8.12.2\CompilerIdC\.\CompilerIdC.exe
PostBuildEvent:
  for %%i in (cl.exe) do @echo CMAKE_C_COMPILER=%%~$PATH:i
  :VCEnd
  CMAKE_C_COMPILER=C:\Program Files (x86)\Microsoft Visual Studio 12.0\VC\bin\x86_amd64\cl.exe
FinalizeBuildStatus:
  Die Datei "Debug\CompilerIdC.tlog\unsuccessfulbuild" wird gelîscht.
  Aktualisieren des Timestamps von "Debug\CompilerIdC.tlog\CompilerIdC.lastbuildstate".
Die Erstellung von Projekt "C:\Users\Lucas\Documents\Entwicklung\Eclipse\git\DialogModeling\DialogModeling\OpenCVAdapter\build\CMakeFiles\2.8.12.2\CompilerIdC\CompilerIdC.vcxproj" ist abgeschlossen (Standardziele).

Der Buildvorgang wurde erfolgreich ausgefÅhrt.
    0 Warnung(en)
    0 Fehler

Verstrichene Zeit 00:00:00.40


Compilation of the C compiler identification source "CMakeCCompilerId.c" produced "CompilerIdC.exe"

Compilation of the C compiler identification source "CMakeCCompilerId.c" produced "CompilerIdC.vcxproj"

The C compiler identification is MSVC, found in "C:/Users/Lucas/Documents/Entwicklung/Eclipse/git/DialogModeling/DialogModeling/OpenCVAdapter/build/CMakeFiles/2.8.12.2/CompilerIdC/CompilerIdC.exe"

Compiling the CXX compiler identification source file "CMakeCXXCompilerId.cpp" succeeded.
Compiler:  
Build flags: ;/DWIN32;/D_WINDOWS;/W3;/GR;/EHsc
Id flags: 

The output was:
0
Microsoft (R)-Buildmodul, Version 12.0.21005.1
[Microsoft .NET Framework, Version 4.0.30319.34014]
Copyright (C) Microsoft Corporation. Alle Rechte vorbehalten.

Der Buildvorgang wurde am 05.06.2014 21:25:44 gestartet.
Projekt "C:\Users\Lucas\Documents\Entwicklung\Eclipse\git\DialogModeling\DialogModeling\OpenCVAdapter\build\CMakeFiles\2.8.12.2\CompilerIdCXX\CompilerIdCXX.vcxproj" auf Knoten "1" (Standardziele).
PrepareForBuild:
  Das Verzeichnis "Debug\" wird erstellt.
  Das Verzeichnis "Debug\CompilerIdCXX.tlog\" wird erstellt.
InitializeBuildStatus:
  "Debug\CompilerIdCXX.tlog\unsuccessfulbuild" wird erstellt, da "AlwaysCreate" angegeben wurde.
ClCompile:
  C:\Program Files (x86)\Microsoft Visual Studio 12.0\VC\bin\x86_amd64\CL.exe /c /nologo /W0 /WX- /Od /D _MBCS /Gm- /EHsc /RTC1 /MDd /GS /fp:precise /Zc:wchar_t /Zc:forScope /Fo"Debug\\" /Fd"Debug\vc120.pdb" /Gd /TP /errorReport:queue CMakeCXXCompilerId.cpp
  CMakeCXXCompilerId.cpp
Link:
  C:\Program Files (x86)\Microsoft Visual Studio 12.0\VC\bin\x86_amd64\link.exe /ERRORREPORT:QUEUE /OUT:".\CompilerIdCXX.exe" /INCREMENTAL:NO /NOLOGO kernel32.lib user32.lib gdi32.lib winspool.lib comdlg32.lib advapi32.lib shell32.lib ole32.lib oleaut32.lib uuid.lib odbc32.lib odbccp32.lib /MANIFEST /MANIFESTUAC:"level='asInvoker' uiAccess='false'" /manifest:embed /PDB:".\CompilerIdCXX.pdb" /SUBSYSTEM:CONSOLE /TLBID:1 /DYNAMICBASE /NXCOMPAT /IMPLIB:".\CompilerIdCXX.lib" /MACHINE:X64 Debug\CMakeCXXCompilerId.obj
  CompilerIdCXX.vcxproj -> C:\Users\Lucas\Documents\Entwicklung\Eclipse\git\DialogModeling\DialogModeling\OpenCVAdapter\build\CMakeFiles\2.8.12.2\CompilerIdCXX\.\CompilerIdCXX.exe
PostBuildEvent:
  for %%i in (cl.exe) do @echo CMAKE_CXX_COMPILER=%%~$PATH:i
  :VCEnd
  CMAKE_CXX_COMPILER=C:\Program Files (x86)\Microsoft Visual Studio 12.0\VC\bin\x86_amd64\cl.exe
FinalizeBuildStatus:
  Die Datei "Debug\CompilerIdCXX.tlog\unsuccessfulbuild" wird gelîscht.
  Aktualisieren des Timestamps von "Debug\CompilerIdCXX.tlog\CompilerIdCXX.lastbuildstate".
Die Erstellung von Projekt "C:\Users\Lucas\Documents\Entwicklung\Eclipse\git\DialogModeling\DialogModeling\OpenCVAdapter\build\CMakeFiles\2.8.12.2\CompilerIdCXX\CompilerIdCXX.vcxproj" ist abgeschlossen (Standardziele).

Der Buildvorgang wurde erfolgreich ausgefÅhrt.
    0 Warnung(en)
    0 Fehler

Verstrichene Zeit 00:00:00.34


Compilation of the CXX compiler identification source "CMakeCXXCompilerId.cpp" produced "CompilerIdCXX.exe"

Compilation of the CXX compiler identification source "CMakeCXXCompilerId.cpp" produced "CompilerIdCXX.vcxproj"

The CXX compiler identification is MSVC, found in "C:/Users/Lucas/Documents/Entwicklung/Eclipse/git/DialogModeling/DialogModeling/OpenCVAdapter/build/CMakeFiles/2.8.12.2/CompilerIdCXX/CompilerIdCXX.exe"

Determining if the C compiler works passed with the following output:
Change Dir: C:/Users/Lucas/Documents/Entwicklung/Eclipse/git/DialogModeling/DialogModeling/OpenCVAdapter/build/CMakeFiles/CMakeTmp

Run Build Command:C:\PROGRA~2\MSBuild\12.0\Bin\MSBuild.exe cmTryCompileExec3912841605.vcxproj /p:Configuration=Debug /p:VisualStudioVersion=12.0
Microsoft (R)-Buildmodul, Version 12.0.21005.1
[Microsoft .NET Framework, Version 4.0.30319.34014]
Copyright (C) Microsoft Corporation. Alle Rechte vorbehalten.

Der Buildvorgang wurde am 05.06.2014 21:25:45 gestartet.
Projekt "C:\Users\Lucas\Documents\Entwicklung\Eclipse\git\DialogModeling\DialogModeling\OpenCVAdapter\build\CMakeFiles\CMakeTmp\cmTryCompileExec3912841605.vcxproj" auf Knoten "1" (Standardziele).
PrepareForBuild:
  Das Verzeichnis "cmTryCompileExec3912841605.dir\Debug\" wird erstellt.
  Das Verzeichnis "C:\Users\Lucas\Documents\Entwicklung\Eclipse\git\DialogModeling\DialogModeling\OpenCVAdapter\build\CMakeFiles\CMakeTmp\Debug\" wird erstellt.
  Das Verzeichnis "cmTryCompileExec3912841605.dir\Debug\cmTryCom.79125BEC.tlog\" wird erstellt.
InitializeBuildStatus:
  "cmTryCompileExec3912841605.dir\Debug\cmTryCom.79125BEC.tlog\unsuccessfulbuild" wird erstellt, da "AlwaysCreate" angegeben wurde.
ClCompile:
  C:\Program Files (x86)\Microsoft Visual Studio 12.0\VC\bin\x86_amd64\CL.exe /c /Zi /W3 /WX- /Od /Ob0 /D WIN32 /D _WINDOWS /D _DEBUG /D "CMAKE_INTDIR=\"Debug\"" /D _MBCS /Gm- /RTC1 /MDd /GS /fp:precise /Zc:wchar_t /Zc:forScope /Fo"cmTryCompileExec3912841605.dir\Debug\\" /Fd"cmTryCompileExec3912841605.dir\Debug\vc120.pdb" /Gd /TC /errorReport:queue testCCompiler.c
  Microsoft (R) C/C++-Optimierungscompiler Version 18.00.21005.1 fÅr x64
  Copyright (C) Microsoft Corporation. Alle Rechte vorbehalten.
  
  cl /c /Zi /W3 /WX- /Od /Ob0 /D WIN32 /D _WINDOWS /D _DEBUG /D "CMAKE_INTDIR=\"Debug\"" /D _MBCS /Gm- /RTC1 /MDd /GS /fp:precise /Zc:wchar_t /Zc:forScope /Fo"cmTryCompileExec3912841605.dir\Debug\\" /Fd"cmTryCompileExec3912841605.dir\Debug\vc120.pdb" /Gd /TC /errorReport:queue testCCompiler.c
  
  testCCompiler.c
Link:
  C:\Program Files (x86)\Microsoft Visual Studio 12.0\VC\bin\x86_amd64\link.exe /ERRORREPORT:QUEUE /OUT:"C:\Users\Lucas\Documents\Entwicklung\Eclipse\git\DialogModeling\DialogModeling\OpenCVAdapter\build\CMakeFiles\CMakeTmp\Debug\cmTryCompileExec3912841605.exe" /INCREMENTAL /NOLOGO kernel32.lib user32.lib gdi32.lib winspool.lib shell32.lib ole32.lib oleaut32.lib uuid.lib comdlg32.lib advapi32.lib /MANIFEST /MANIFESTUAC:"level='asInvoker' uiAccess='false'" /manifest:embed /DEBUG /PDB:"C:/Users/Lucas/Documents/Entwicklung/Eclipse/git/DialogModeling/DialogModeling/OpenCVAdapter/build/CMakeFiles/CMakeTmp/Debug/cmTryCompileExec3912841605.pdb" /SUBSYSTEM:CONSOLE /TLBID:1 /DYNAMICBASE /NXCOMPAT /IMPLIB:"C:/Users/Lucas/Documents/Entwicklung/Eclipse/git/DialogModeling/DialogModeling/OpenCVAdapter/build/CMakeFiles/CMakeTmp/Debug/cmTryCompileExec3912841605.lib" /MACHINE:X64  /machine:x64 /debug cmTryCompileExec3912841605.dir\Debug\testCCompiler.obj
  cmTryCompileExec3912841605.vcxproj -> C:\Users\Lucas\Documents\Entwicklung\Eclipse\git\DialogModeling\DialogModeling\OpenCVAdapter\build\CMakeFiles\CMakeTmp\Debug\cmTryCompileExec3912841605.exe
FinalizeBuildStatus:
  Die Datei "cmTryCompileExec3912841605.dir\Debug\cmTryCom.79125BEC.tlog\unsuccessfulbuild" wird gelîscht.
  Aktualisieren des Timestamps von "cmTryCompileExec3912841605.dir\Debug\cmTryCom.79125BEC.tlog\cmTryCompileExec3912841605.lastbuildstate".
Die Erstellung von Projekt "C:\Users\Lucas\Documents\Entwicklung\Eclipse\git\DialogModeling\DialogModeling\OpenCVAdapter\build\CMakeFiles\CMakeTmp\cmTryCompileExec3912841605.vcxproj" ist abgeschlossen (Standardziele).

Der Buildvorgang wurde erfolgreich ausgefÅhrt.
    0 Warnung(en)
    0 Fehler

Verstrichene Zeit 00:00:00.59


Detecting C compiler ABI info compiled with the following output:
Change Dir: C:/Users/Lucas/Documents/Entwicklung/Eclipse/git/DialogModeling/DialogModeling/OpenCVAdapter/build/CMakeFiles/CMakeTmp

Run Build Command:C:\PROGRA~2\MSBuild\12.0\Bin\MSBuild.exe cmTryCompileExec4197283935.vcxproj /p:Configuration=Debug /p:VisualStudioVersion=12.0
Microsoft (R)-Buildmodul, Version 12.0.21005.1
[Microsoft .NET Framework, Version 4.0.30319.34014]
Copyright (C) Microsoft Corporation. Alle Rechte vorbehalten.

Der Buildvorgang wurde am 05.06.2014 21:25:46 gestartet.
Projekt "C:\Users\Lucas\Documents\Entwicklung\Eclipse\git\DialogModeling\DialogModeling\OpenCVAdapter\build\CMakeFiles\CMakeTmp\cmTryCompileExec4197283935.vcxproj" auf Knoten "1" (Standardziele).
PrepareForBuild:
  Das Verzeichnis "cmTryCompileExec4197283935.dir\Debug\" wird erstellt.
  Das Verzeichnis "C:\Users\Lucas\Documents\Entwicklung\Eclipse\git\DialogModeling\DialogModeling\OpenCVAdapter\build\CMakeFiles\CMakeTmp\Debug\" wird erstellt.
  Das Verzeichnis "cmTryCompileExec4197283935.dir\Debug\cmTryCom.FAE45EAD.tlog\" wird erstellt.
InitializeBuildStatus:
  "cmTryCompileExec4197283935.dir\Debug\cmTryCom.FAE45EAD.tlog\unsuccessfulbuild" wird erstellt, da "AlwaysCreate" angegeben wurde.
ClCompile:
  C:\Program Files (x86)\Microsoft Visual Studio 12.0\VC\bin\x86_amd64\CL.exe /c /Zi /W3 /WX- /Od /Ob0 /D WIN32 /D _WINDOWS /D _DEBUG /D "CMAKE_INTDIR=\"Debug\"" /D _MBCS /Gm- /RTC1 /MDd /GS /fp:precise /Zc:wchar_t /Zc:forScope /Fo"cmTryCompileExec4197283935.dir\Debug\\" /Fd"cmTryCompileExec4197283935.dir\Debug\vc120.pdb" /Gd /TC /errorReport:queue "C:\Program Files (x86)\CMake 2.8\share\cmake-2.8\Modules\CMakeCCompilerABI.c"
  Microsoft (R) C/C++-Optimierungscompiler Version 18.00.21005.1 fÅr x64
  Copyright (C) Microsoft Corporation. Alle Rechte vorbehalten.
  
  cl /c /Zi /W3 /WX- /Od /Ob0 /D WIN32 /D _WINDOWS /D _DEBUG /D "CMAKE_INTDIR=\"Debug\"" /D _MBCS /Gm- /RTC1 /MDd /GS /fp:precise /Zc:wchar_t /Zc:forScope /Fo"cmTryCompileExec4197283935.dir\Debug\\" /Fd"cmTryCompileExec4197283935.dir\Debug\vc120.pdb" /Gd /TC /errorReport:queue "C:\Program Files (x86)\CMake 2.8\share\cmake-2.8\Modules\CMakeCCompilerABI.c"
  
  CMakeCCompilerABI.c
Link:
  C:\Program Files (x86)\Microsoft Visual Studio 12.0\VC\bin\x86_amd64\link.exe /ERRORREPORT:QUEUE /OUT:"C:\Users\Lucas\Documents\Entwicklung\Eclipse\git\DialogModeling\DialogModeling\OpenCVAdapter\build\CMakeFiles\CMakeTmp\Debug\cmTryCompileExec4197283935.exe" /INCREMENTAL /NOLOGO /MANIFEST /MANIFESTUAC:"level='asInvoker' uiAccess='false'" /manifest:embed /DEBUG /PDB:"C:/Users/Lucas/Documents/Entwicklung/Eclipse/git/DialogModeling/DialogModeling/OpenCVAdapter/build/CMakeFiles/CMakeTmp/Debug/cmTryCompileExec4197283935.pdb" /SUBSYSTEM:CONSOLE /TLBID:1 /DYNAMICBASE /NXCOMPAT /IMPLIB:"C:/Users/Lucas/Documents/Entwicklung/Eclipse/git/DialogModeling/DialogModeling/OpenCVAdapter/build/CMakeFiles/CMakeTmp/Debug/cmTryCompileExec4197283935.lib" /MACHINE:X64  /machine:x64 /debug cmTryCompileExec4197283935.dir\Debug\CMakeCCompilerABI.obj
  cmTryCompileExec4197283935.vcxproj -> C:\Users\Lucas\Documents\Entwicklung\Eclipse\git\DialogModeling\DialogModeling\OpenCVAdapter\build\CMakeFiles\CMakeTmp\Debug\cmTryCompileExec4197283935.exe
FinalizeBuildStatus:
  Die Datei "cmTryCompileExec4197283935.dir\Debug\cmTryCom.FAE45EAD.tlog\unsuccessfulbuild" wird gelîscht.
  Aktualisieren des Timestamps von "cmTryCompileExec4197283935.dir\Debug\cmTryCom.FAE45EAD.tlog\cmTryCompileExec4197283935.lastbuildstate".
Die Erstellung von Projekt "C:\Users\Lucas\Documents\Entwicklung\Eclipse\git\DialogModeling\DialogModeling\OpenCVAdapter\build\CMakeFiles\CMakeTmp\cmTryCompileExec4197283935.vcxproj" ist abgeschlossen (Standardziele).

Der Buildvorgang wurde erfolgreich ausgefÅhrt.
    0 Warnung(en)
    0 Fehler

Verstrichene Zeit 00:00:00.51


Determining if the CXX compiler works passed with the following output:
Change Dir: C:/Users/Lucas/Documents/Entwicklung/Eclipse/git/DialogModeling/DialogModeling/OpenCVAdapter/build/CMakeFiles/CMakeTmp

Run Build Command:C:\PROGRA~2\MSBuild\12.0\Bin\MSBuild.exe cmTryCompileExec422039569.vcxproj /p:Configuration=Debug /p:VisualStudioVersion=12.0
Microsoft (R)-Buildmodul, Version 12.0.21005.1
[Microsoft .NET Framework, Version 4.0.30319.34014]
Copyright (C) Microsoft Corporation. Alle Rechte vorbehalten.

Der Buildvorgang wurde am 05.06.2014 21:25:47 gestartet.
Projekt "C:\Users\Lucas\Documents\Entwicklung\Eclipse\git\DialogModeling\DialogModeling\OpenCVAdapter\build\CMakeFiles\CMakeTmp\cmTryCompileExec422039569.vcxproj" auf Knoten "1" (Standardziele).
PrepareForBuild:
  Das Verzeichnis "cmTryCompileExec422039569.dir\Debug\" wird erstellt.
  Das Verzeichnis "C:\Users\Lucas\Documents\Entwicklung\Eclipse\git\DialogModeling\DialogModeling\OpenCVAdapter\build\CMakeFiles\CMakeTmp\Debug\" wird erstellt.
  Das Verzeichnis "cmTryCompileExec422039569.dir\Debug\cmTryCom.55A54BCA.tlog\" wird erstellt.
InitializeBuildStatus:
  "cmTryCompileExec422039569.dir\Debug\cmTryCom.55A54BCA.tlog\unsuccessfulbuild" wird erstellt, da "AlwaysCreate" angegeben wurde.
ClCompile:
  C:\Program Files (x86)\Microsoft Visual Studio 12.0\VC\bin\x86_amd64\CL.exe /c /Zi /W3 /WX- /Od /Ob0 /D WIN32 /D _WINDOWS /D _DEBUG /D "CMAKE_INTDIR=\"Debug\"" /D _MBCS /Gm- /EHsc /RTC1 /MDd /GS /fp:precise /Zc:wchar_t /Zc:forScope /GR /Fo"cmTryCompileExec422039569.dir\Debug\\" /Fd"cmTryCompileExec422039569.dir\Debug\vc120.pdb" /Gd /TP /errorReport:queue testCXXCompiler.cxx
  Microsoft (R) C/C++-Optimierungscompiler Version 18.00.21005.1 fÅr x64
  Copyright (C) Microsoft Corporation. Alle Rechte vorbehalten.
  
  cl /c /Zi /W3 /WX- /Od /Ob0 /D WIN32 /D _WINDOWS /D _DEBUG /D "CMAKE_INTDIR=\"Debug\"" /D _MBCS /Gm- /EHsc /RTC1 /MDd /GS /fp:precise /Zc:wchar_t /Zc:forScope /GR /Fo"cmTryCompileExec422039569.dir\Debug\\" /Fd"cmTryCompileExec422039569.dir\Debug\vc120.pdb" /Gd /TP /errorReport:queue testCXXCompiler.cxx
  
  testCXXCompiler.cxx
Link:
  C:\Program Files (x86)\Microsoft Visual Studio 12.0\VC\bin\x86_amd64\link.exe /ERRORREPORT:QUEUE /OUT:"C:\Users\Lucas\Documents\Entwicklung\Eclipse\git\DialogModeling\DialogModeling\OpenCVAdapter\build\CMakeFiles\CMakeTmp\Debug\cmTryCompileExec422039569.exe" /INCREMENTAL /NOLOGO kernel32.lib user32.lib gdi32.lib winspool.lib shell32.lib ole32.lib oleaut32.lib uuid.lib comdlg32.lib advapi32.lib /MANIFEST /MANIFESTUAC:"level='asInvoker' uiAccess='false'" /manifest:embed /DEBUG /PDB:"C:/Users/Lucas/Documents/Entwicklung/Eclipse/git/DialogModeling/DialogModeling/OpenCVAdapter/build/CMakeFiles/CMakeTmp/Debug/cmTryCompileExec422039569.pdb" /SUBSYSTEM:CONSOLE /TLBID:1 /DYNAMICBASE /NXCOMPAT /IMPLIB:"C:/Users/Lucas/Documents/Entwicklung/Eclipse/git/DialogModeling/DialogModeling/OpenCVAdapter/build/CMakeFiles/CMakeTmp/Debug/cmTryCompileExec422039569.lib" /MACHINE:X64  /machine:x64 /debug cmTryCompileExec422039569.dir\Debug\testCXXCompiler.obj
  cmTryCompileExec422039569.vcxproj -> C:\Users\Lucas\Documents\Entwicklung\Eclipse\git\DialogModeling\DialogModeling\OpenCVAdapter\build\CMakeFiles\CMakeTmp\Debug\cmTryCompileExec422039569.exe
FinalizeBuildStatus:
  Die Datei "cmTryCompileExec422039569.dir\Debug\cmTryCom.55A54BCA.tlog\unsuccessfulbuild" wird gelîscht.
  Aktualisieren des Timestamps von "cmTryCompileExec422039569.dir\Debug\cmTryCom.55A54BCA.tlog\cmTryCompileExec422039569.lastbuildstate".
Die Erstellung von Projekt "C:\Users\Lucas\Documents\Entwicklung\Eclipse\git\DialogModeling\DialogModeling\OpenCVAdapter\build\CMakeFiles\CMakeTmp\cmTryCompileExec422039569.vcxproj" ist abgeschlossen (Standardziele).

Der Buildvorgang wurde erfolgreich ausgefÅhrt.
    0 Warnung(en)
    0 Fehler

Verstrichene Zeit 00:00:00.71


Detecting CXX compiler ABI info compiled with the following output:
Change Dir: C:/Users/Lucas/Documents/Entwicklung/Eclipse/git/DialogModeling/DialogModeling/OpenCVAdapter/build/CMakeFiles/CMakeTmp

Run Build Command:C:\PROGRA~2\MSBuild\12.0\Bin\MSBuild.exe cmTryCompileExec1189985079.vcxproj /p:Configuration=Debug /p:VisualStudioVersion=12.0
Microsoft (R)-Buildmodul, Version 12.0.21005.1
[Microsoft .NET Framework, Version 4.0.30319.34014]
Copyright (C) Microsoft Corporation. Alle Rechte vorbehalten.

Der Buildvorgang wurde am 05.06.2014 21:25:47 gestartet.
Projekt "C:\Users\Lucas\Documents\Entwicklung\Eclipse\git\DialogModeling\DialogModeling\OpenCVAdapter\build\CMakeFiles\CMakeTmp\cmTryCompileExec1189985079.vcxproj" auf Knoten "1" (Standardziele).
PrepareForBuild:
  Das Verzeichnis "cmTryCompileExec1189985079.dir\Debug\" wird erstellt.
  Das Verzeichnis "C:\Users\Lucas\Documents\Entwicklung\Eclipse\git\DialogModeling\DialogModeling\OpenCVAdapter\build\CMakeFiles\CMakeTmp\Debug\" wird erstellt.
  Das Verzeichnis "cmTryCompileExec1189985079.dir\Debug\cmTryCom.7EEF4C33.tlog\" wird erstellt.
InitializeBuildStatus:
  "cmTryCompileExec1189985079.dir\Debug\cmTryCom.7EEF4C33.tlog\unsuccessfulbuild" wird erstellt, da "AlwaysCreate" angegeben wurde.
ClCompile:
  C:\Program Files (x86)\Microsoft Visual Studio 12.0\VC\bin\x86_amd64\CL.exe /c /Zi /W3 /WX- /Od /Ob0 /D WIN32 /D _WINDOWS /D _DEBUG /D "CMAKE_INTDIR=\"Debug\"" /D _MBCS /Gm- /EHsc /RTC1 /MDd /GS /fp:precise /Zc:wchar_t /Zc:forScope /GR /Fo"cmTryCompileExec1189985079.dir\Debug\\" /Fd"cmTryCompileExec1189985079.dir\Debug\vc120.pdb" /Gd /TP /errorReport:queue "C:\Program Files (x86)\CMake 2.8\share\cmake-2.8\Modules\CMakeCXXCompilerABI.cpp"
  Microsoft (R) C/C++-Optimierungscompiler Version 18.00.21005.1 fÅr x64
  Copyright (C) Microsoft Corporation. Alle Rechte vorbehalten.
  
  cl /c /Zi /W3 /WX- /Od /Ob0 /D WIN32 /D _WINDOWS /D _DEBUG /D "CMAKE_INTDIR=\"Debug\"" /D _MBCS /Gm- /EHsc /RTC1 /MDd /GS /fp:precise /Zc:wchar_t /Zc:forScope /GR /Fo"cmTryCompileExec1189985079.dir\Debug\\" /Fd"cmTryCompileExec1189985079.dir\Debug\vc120.pdb" /Gd /TP /errorReport:queue "C:\Program Files (x86)\CMake 2.8\share\cmake-2.8\Modules\CMakeCXXCompilerABI.cpp"
  
  CMakeCXXCompilerABI.cpp
Link:
  C:\Program Files (x86)\Microsoft Visual Studio 12.0\VC\bin\x86_amd64\link.exe /ERRORREPORT:QUEUE /OUT:"C:\Users\Lucas\Documents\Entwicklung\Eclipse\git\DialogModeling\DialogModeling\OpenCVAdapter\build\CMakeFiles\CMakeTmp\Debug\cmTryCompileExec1189985079.exe" /INCREMENTAL /NOLOGO /MANIFEST /MANIFESTUAC:"level='asInvoker' uiAccess='false'" /manifest:embed /DEBUG /PDB:"C:/Users/Lucas/Documents/Entwicklung/Eclipse/git/DialogModeling/DialogModeling/OpenCVAdapter/build/CMakeFiles/CMakeTmp/Debug/cmTryCompileExec1189985079.pdb" /SUBSYSTEM:CONSOLE /TLBID:1 /DYNAMICBASE /NXCOMPAT /IMPLIB:"C:/Users/Lucas/Documents/Entwicklung/Eclipse/git/DialogModeling/DialogModeling/OpenCVAdapter/build/CMakeFiles/CMakeTmp/Debug/cmTryCompileExec1189985079.lib" /MACHINE:X64  /machine:x64 /debug cmTryCompileExec1189985079.dir\Debug\CMakeCXXCompilerABI.obj
  cmTryCompileExec1189985079.vcxproj -> C:\Users\Lucas\Documents\Entwicklung\Eclipse\git\DialogModeling\DialogModeling\OpenCVAdapter\build\CMakeFiles\CMakeTmp\Debug\cmTryCompileExec1189985079.exe
FinalizeBuildStatus:
  Die Datei "cmTryCompileExec1189985079.dir\Debug\cmTryCom.7EEF4C33.tlog\unsuccessfulbuild" wird gelîscht.
  Aktualisieren des Timestamps von "cmTryCompileExec1189985079.dir\Debug\cmTryCom.7EEF4C33.tlog\cmTryCompileExec1189985079.lastbuildstate".
Die Erstellung von Projekt "C:\Users\Lucas\Documents\Entwicklung\Eclipse\git\DialogModeling\DialogModeling\OpenCVAdapter\build\CMakeFiles\CMakeTmp\cmTryCompileExec1189985079.vcxproj" ist abgeschlossen (Standardziele).

Der Buildvorgang wurde erfolgreich ausgefÅhrt.
    0 Warnung(en)
    0 Fehler

Verstrichene Zeit 00:00:00.48


